<?xml version="1.0" encoding="UTF-8"?>
<testng-results ignored="0" total="1" passed="1" failed="0" skipped="0">
  <reporter-output>
    <line>
      <![CDATA[[INFO ] [2022-10-15 22:09:22,873] OS name = windows 10
<br>]]>
    </line>
    <line>
      <![CDATA[[INFO ] [2022-10-15 22:09:22,873] Driver instance name = firefoxdriver: firefox on windows (86b199cd-409d-4b51-a4b0-6d3b0133a691)
<br>]]>
    </line>
  </reporter-output>
  <suite started-at="2022-10-15T15:09:17Z" name="NopCommerce" finished-at="2022-10-15T15:09:23Z" duration-ms="5527">
    <groups>
    </groups>
    <test started-at="2022-10-15T15:09:17Z" name="Run on Firefox" finished-at="2022-10-15T15:09:23Z" duration-ms="5527">
      <class name="com.nopcommerce.user.Suite_00_Check_Environment">
        <test-method is-config="true" signature="beforeClass(java.lang.String)[pri:0, instance:com.nopcommerce.user.Suite_00_Check_Environment@7aaca91a]" started-at="2022-10-15T15:09:17Z" name="beforeClass" finished-at="2022-10-15T15:09:22Z" duration-ms="4804" status="PASS">
          <params>
            <param index="0">
              <value>
                <![CDATA[firefox]]>
              </value>
            </param>
          </params>
          <reporter-output>
          </reporter-output>
        </test-method> <!-- beforeClass -->
        <test-method signature="TC_01_GetCurrentPageTitle()[pri:0, instance:com.nopcommerce.user.Suite_00_Check_Environment@7aaca91a]" started-at="2022-10-15T15:09:22Z" name="TC_01_GetCurrentPageTitle" finished-at="2022-10-15T15:09:22Z" duration-ms="49" status="PASS">
          <reporter-output>
          </reporter-output>
        </test-method> <!-- TC_01_GetCurrentPageTitle -->
        <test-method is-config="true" signature="afterClass()[pri:0, instance:com.nopcommerce.user.Suite_00_Check_Environment@7aaca91a]" started-at="2022-10-15T15:09:22Z" name="afterClass" finished-at="2022-10-15T15:09:23Z" duration-ms="611" status="PASS">
          <reporter-output>
            <line>
              <![CDATA[[INFO ] [2022-10-15 22:09:22,873] OS name = windows 10
<br>]]>
            </line>
            <line>
              <![CDATA[[INFO ] [2022-10-15 22:09:22,873] Driver instance name = firefoxdriver: firefox on windows (86b199cd-409d-4b51-a4b0-6d3b0133a691)
<br>]]>
            </line>
          </reporter-output>
        </test-method> <!-- afterClass -->
      </class> <!-- com.nopcommerce.user.Suite_00_Check_Environment -->
    </test> <!-- Run on Firefox -->
  </suite> <!-- NopCommerce -->
</testng-results>
