<?xml version="1.0" encoding="UTF-8"?>
<testng-results ignored="0" total="1" passed="1" failed="0" skipped="0">
  <reporter-output>
    <line>
      <![CDATA[[INFO ] [2022-10-15 22:35:28,158] OS name = windows 10
<br>]]>
    </line>
    <line>
      <![CDATA[[INFO ] [2022-10-15 22:35:28,159] Driver instance name = firefoxdriver: firefox on windows (1a5c7ebd-b238-4257-a39e-ef5a6c3f5c69)
<br>]]>
    </line>
  </reporter-output>
  <suite started-at="2022-10-15T15:35:23Z" name="NopCommerce" finished-at="2022-10-15T15:35:28Z" duration-ms="4949">
    <groups>
    </groups>
    <test started-at="2022-10-15T15:35:23Z" name="Run on Firefox" finished-at="2022-10-15T15:35:28Z" duration-ms="4949">
      <class name="com.nopcommerce.user.Suite_00_Check_Environment">
        <test-method is-config="true" signature="beforeClass(java.lang.String)[pri:0, instance:com.nopcommerce.user.Suite_00_Check_Environment@7aaca91a]" started-at="2022-10-15T15:35:23Z" name="beforeClass" finished-at="2022-10-15T15:35:28Z" duration-ms="4171" status="PASS">
          <params>
            <param index="0">
              <value>
                <![CDATA[firefox]]>
              </value>
            </param>
          </params>
          <reporter-output>
          </reporter-output>
        </test-method> <!-- beforeClass -->
        <test-method signature="TC_01_GetCurrentPageTitle()[pri:0, instance:com.nopcommerce.user.Suite_00_Check_Environment@7aaca91a]" started-at="2022-10-15T15:35:28Z" name="TC_01_GetCurrentPageTitle" finished-at="2022-10-15T15:35:28Z" duration-ms="50" status="PASS">
          <reporter-output>
          </reporter-output>
        </test-method> <!-- TC_01_GetCurrentPageTitle -->
        <test-method is-config="true" signature="afterClass()[pri:0, instance:com.nopcommerce.user.Suite_00_Check_Environment@7aaca91a]" started-at="2022-10-15T15:35:28Z" name="afterClass" finished-at="2022-10-15T15:35:28Z" duration-ms="655" status="PASS">
          <reporter-output>
            <line>
              <![CDATA[[INFO ] [2022-10-15 22:35:28,158] OS name = windows 10
<br>]]>
            </line>
            <line>
              <![CDATA[[INFO ] [2022-10-15 22:35:28,159] Driver instance name = firefoxdriver: firefox on windows (1a5c7ebd-b238-4257-a39e-ef5a6c3f5c69)
<br>]]>
            </line>
          </reporter-output>
        </test-method> <!-- afterClass -->
      </class> <!-- com.nopcommerce.user.Suite_00_Check_Environment -->
    </test> <!-- Run on Firefox -->
  </suite> <!-- NopCommerce -->
</testng-results>
